DEBUG:root:This message should go to the log file
INFO:root:second log message
WARNING:root:third log message
WARNING:root:print to console
INFO:root:if this prints then youre doing it wrong
INFO:schedule:Running job Every 60 minutes do news_grab() (last run: [never], next run: 2018-02-05 22:00:15)
DEBUG:root:This message should go to the log file
INFO:root:second log message
WARNING:root:third log message
WARNING:root:print to console
INFO:root:if this prints then youre doing it wrong
DEBUG:root:This message should go to the log file
INFO:root:second log message
WARNING:root:third log message
WARNING:root:print to console
INFO:root:if this prints then youre doing it wrong
INFO:schedule:Running job Every 60 minutes do news_grab() (last run: [never], next run: 2018-02-24 17:58:23)
WARNING:root:grabbed pickles
INFO:schedule:Running job Every 60 minutes do news_grab() (last run: 2018-02-24 18:27:07, next run: 2018-02-24 19:27:07)
WARNING:root:grabbed pickles
DEBUG:root:This message should go to the log file
INFO:root:second log message
WARNING:root:third log message
WARNING:root:print to console
INFO:root:if this prints then youre doing it wrong
DEBUG:root:This message should go to the log file
INFO:root:second log message
WARNING:root:third log message
WARNING:root:print to console
INFO:root:if this prints then youre doing it wrong
INFO:schedule:Running job Every 60 minutes do news_grab() (last run: [never], next run: 2018-02-25 12:36:31)
WARNING:root:grabbed pickles
INFO:schedule:Running job Every 60 minutes do news_grab() (last run: 2018-02-25 13:25:41, next run: 2018-02-25 14:25:41)
WARNING:root:grabbed pickles
DEBUG:root:This message should go to the log file
INFO:root:second log message
WARNING:root:third log message
WARNING:root:print to console
INFO:root:if this prints then youre doing it wrong
INFO:schedule:Running job Every 60 minutes do news_grab() (last run: [never], next run: 2018-02-25 15:51:03)
WARNING:root:C:\Users\Babek\Documents\python\github\newsfeed
WARNING:root:grabbed pickles
WARNING:root:C:\Users\Babek\Documents\python\github\newsfeednews_vect_pickle.p
